e:\mywork\vsprojects\cellview\cellview\debug\cellview.pch
e:\mywork\vsprojects\cellview\cellview\debug\vc120.pdb
e:\mywork\vsprojects\cellview\cellview\debug\vc120.idb
e:\mywork\vsprojects\cellview\cellview\debug\stdafx.obj
e:\mywork\vsprojects\cellview\cellview\debug\extuserlogin.obj
e:\mywork\vsprojects\cellview\cellview\debug\extscreencap.obj
e:\mywork\vsprojects\cellview\cellview\debug\extsencectrl.obj
e:\mywork\vsprojects\cellview\cellview\debug\extsenceupdate.obj
e:\mywork\vsprojects\cellview\cellview\debug\char_code_change.obj
e:\mywork\vsprojects\cellview\cellview\debug\xbutton.obj
e:\mywork\vsprojects\cellview\cellview\debug\xcontrolbase.obj
e:\mywork\vsprojects\cellview\cellview\debug\xlabel.obj
e:\mywork\vsprojects\cellview\cellview\debug\xpicture.obj
e:\mywork\vsprojects\cellview\cellview\debug\xhttpget.obj
e:\mywork\vsprojects\cellview\cellview\debug\cellview.obj
e:\mywork\vsprojects\cellview\cellview\debug\cellviewdlg.obj
e:\mywork\vsprojects\cellview\cellview\debug\docdowntask.obj
e:\mywork\vsprojects\cellview\cellview\debug\docplaytask.obj
e:\mywork\vsprojects\cellview\cellview\debug\taskbase.obj
e:\mywork\vsprojects\cellview\cellview\debug\taskmanager.obj
e:\mywork\vsprojects\cellview\cellview\debug\viewmotion.obj
e:\mywork\vsprojects\cellview\cellview\debug\xmppinstance.obj
e:\mywork\vsprojects\cellview\cellview\debug\cellconnection.obj
e:\mywork\vsprojects\cellview\cellview\debug\celliqmanager.obj
e:\mywork\vsprojects\cellview\cellview\debug\cellpresencemgr.obj
e:\mywork\vsprojects\cellview\cellview\debug\extdocplay.obj
e:\mywork\vsprojects\cellview\cellview\debug\extdocdown.obj
e:\mywork\vsprojects\cellview\cellview\debug\xcapturescreen.obj
e:\mywork\vsprojects\cellview\cellview\debug\screencaptask.obj
e:\mywork\vsprojects\cellview\debug\cellview.ilk
e:\mywork\vsprojects\cellview\debug\cellview.exe
e:\mywork\vsprojects\cellview\debug\cellview.pdb
e:\mywork\vsprojects\cellview\cellview\debug\cellview.res
e:\mywork\vsprojects\cellview\cellview\debug\cellview.tlog\cl.command.1.tlog
e:\mywork\vsprojects\cellview\cellview\debug\cellview.tlog\cl.read.1.tlog
e:\mywork\vsprojects\cellview\cellview\debug\cellview.tlog\cl.write.1.tlog
e:\mywork\vsprojects\cellview\cellview\debug\cellview.tlog\link.command.1.tlog
e:\mywork\vsprojects\cellview\cellview\debug\cellview.tlog\link.read.1.tlog
e:\mywork\vsprojects\cellview\cellview\debug\cellview.tlog\link.write.1.tlog
e:\mywork\vsprojects\cellview\cellview\debug\cellview.tlog\rc.command.1.tlog
e:\mywork\vsprojects\cellview\cellview\debug\cellview.tlog\rc.read.1.tlog
e:\mywork\vsprojects\cellview\cellview\debug\cellview.tlog\rc.write.1.tlog
